<?xml version="1.0" encoding="UTF-8"?>
<!-- Generated by org.testng.reporters.JUnitReportReporter -->
<testsuite hostname="DESKTOP-G9RS278" failures="0" tests="1" name="day7.CE5" time="24.410" errors="0" timestamp="2023-04-27T15:59:26 IST" skipped="0">
  <testcase classname="day7.CE5" name="Task1" time="24.410"/>
  <system-out/>
</testsuite> <!-- day7.CE5 -->
