<?xml version="1.0" encoding="UTF-8"?>
<!-- Generated by org.testng.reporters.JUnitReportReporter -->
<testsuite hostname="DESKTOP-G9RS278" failures="0" tests="1" name="day7.testng" time="0.040" errors="0" timestamp="2023-04-27T11:19:55 IST" skipped="0">
  <testcase classname="day7.testng" name="f" time="0.040"/>
  <system-out/>
</testsuite> <!-- day7.testng -->
