<?xml version="1.0" encoding="UTF-8"?>
<!-- Generated by org.testng.reporters.JUnitReportReporter -->
<testsuite hostname="DESKTOP-G9RS278" failures="0" tests="1" name="day7.task3" time="8.824" errors="0" timestamp="2023-04-27T15:07:32 IST" skipped="0">
  <testcase classname="day7.task3" name="openURL" time="8.824"/>
  <system-out/>
</testsuite> <!-- day7.task3 -->
