<?xml version="1.0" encoding="UTF-8"?>
<!-- Generated by org.testng.reporters.JUnitReportReporter -->
<testsuite hostname="DESKTOP-G9RS278" failures="0" tests="4" name="day7.task2" time="0.025" errors="0" timestamp="2023-04-27T12:21:38 IST" skipped="0">
  <testcase classname="day7.task2" name="sub" time="0.015"/>
  <system-out/>
  <testcase classname="day7.task2" name="div" time="0.004"/>
  <system-out/>
  <testcase classname="day7.task2" name="mul" time="0.003"/>
  <system-out/>
  <testcase classname="day7.task2" name="add" time="0.003"/>
  <system-out/>
</testsuite> <!-- day7.task2 -->
