<?xml version="1.0" encoding="UTF-8"?>
<!-- Generated by org.testng.reporters.JUnitReportReporter -->
<testsuite hostname="DESKTOP-G9RS278" failures="0" tests="1" name="day7.Sample" time="17.081" errors="0" timestamp="2023-04-27T11:54:09 IST" skipped="0">
  <testcase classname="day7.Sample" name="openGoogle" time="17.081"/>
  <system-out/>
</testsuite> <!-- day7.Sample -->
