<?xml version="1.0" encoding="UTF-8"?>
<!-- Generated by org.testng.reporters.JUnitReportReporter -->
<testsuite hostname="DESKTOP-G9RS278" failures="0" tests="2" name="day7.task4" time="43.915" errors="0" timestamp="2023-04-27T15:12:55 IST" skipped="0">
  <testcase classname="day7.task4" name="LoginPage" time="36.038"/>
  <system-out/>
  <testcase classname="day7.task4" name="Signout" time="7.877"/>
  <system-out/>
</testsuite> <!-- day7.task4 -->
